[02-Apr-2023 18:03:08 UTC] PHP Fatal error:  Uncaught Error: Call to undefined function the_posts() in C:\Users\User\Local Sites\fictional-university\app\public\wp-content\themes\fictional-university-theme\page.php:3
Stack trace:
#0 C:\Users\User\Local Sites\fictional-university\app\public\wp-includes\template-loader.php(106): include()
#1 C:\Users\User\Local Sites\fictional-university\app\public\wp-blog-header.php(19): require_once('C:\\Users\\User\\L...')
#2 C:\Users\User\Local Sites\fictional-university\app\public\index.php(17): require('C:\\Users\\User\\L...')
#3 {main}
  thrown in C:\Users\User\Local Sites\fictional-university\app\public\wp-content\themes\fictional-university-theme\page.php on line 3
[02-Apr-2023 18:03:24 UTC] PHP Fatal error:  Uncaught Error: Call to undefined function the_posts() in C:\Users\User\Local Sites\fictional-university\app\public\wp-content\themes\fictional-university-theme\page.php:3
Stack trace:
#0 C:\Users\User\Local Sites\fictional-university\app\public\wp-includes\template-loader.php(106): include()
#1 C:\Users\User\Local Sites\fictional-university\app\public\wp-blog-header.php(19): require_once('C:\\Users\\User\\L...')
#2 C:\Users\User\Local Sites\fictional-university\app\public\index.php(17): require('C:\\Users\\User\\L...')
#3 {main}
  thrown in C:\Users\User\Local Sites\fictional-university\app\public\wp-content\themes\fictional-university-theme\page.php on line 3
[03-Apr-2023 12:00:19 UTC] PHP Parse error:  syntax error, unexpected token "while" in C:\Users\User\Local Sites\fictional-university\app\public\wp-content\themes\fictional-university-theme\single.php on line 3
[05-Apr-2023 11:40:39 UTC] PHP Parse error:  syntax error, unexpected token "return" in C:\Users\User\Local Sites\fictional-university\app\public\wp-content\themes\fictional-university-theme\index.php on line 18
[05-Apr-2023 11:40:53 UTC] PHP Parse error:  syntax error, unexpected token "return" in C:\Users\User\Local Sites\fictional-university\app\public\wp-content\themes\fictional-university-theme\index.php on line 18
[05-Apr-2023 14:28:09 UTC] PHP Parse error:  Unmatched '}' in C:\Users\User\Local Sites\fictional-university\app\public\wp-content\themes\fictional-university-theme\page.php on line 53
[05-Apr-2023 19:37:37 UTC] PHP Parse error:  syntax error, unexpected identifier "Menu", expecting ")" in C:\Users\User\Local Sites\fictional-university\app\public\wp-content\themes\fictional-university-theme\functions.php on line 11
[05-Apr-2023 19:37:37 UTC] PHP Warning:  Trying to access array offset on value of type bool in C:\Users\User\Local Sites\fictional-university\app\public\wp-includes\class-wp-recovery-mode-email-service.php on line 372
[05-Apr-2023 19:37:37 UTC] PHP Warning:  Trying to access array offset on value of type bool in C:\Users\User\Local Sites\fictional-university\app\public\wp-includes\class-wp-recovery-mode-email-service.php on line 373
[05-Apr-2023 20:38:31 UTC] PHP Parse error:  syntax error, unexpected token ":", expecting ")" in C:\Users\User\Local Sites\fictional-university\app\public\wp-content\themes\fictional-university-theme\header.php on line 19
[05-Apr-2023 20:38:35 UTC] PHP Parse error:  syntax error, unexpected token ":", expecting ")" in C:\Users\User\Local Sites\fictional-university\app\public\wp-content\themes\fictional-university-theme\header.php on line 19
[05-Apr-2023 20:39:02 UTC] PHP Parse error:  syntax error, unexpected token ":", expecting ")" in C:\Users\User\Local Sites\fictional-university\app\public\wp-content\themes\fictional-university-theme\header.php on line 19
[06-Apr-2023 12:25:18 UTC] PHP Parse error:  syntax error, unexpected token ":", expecting ")" in C:\Users\User\Local Sites\fictional-university\app\public\wp-content\themes\fictional-university-theme\header.php on line 19
[10-Apr-2023 14:01:32 UTC] PHP Warning:  Undefined variable $theParent in C:\Users\User\Local Sites\fictional-university\app\public\wp-content\themes\fictional-university-theme\single.php on line 17
[10-Apr-2023 14:01:32 UTC] PHP Warning:  Undefined variable $theParent in C:\Users\User\Local Sites\fictional-university\app\public\wp-content\themes\fictional-university-theme\single.php on line 19
[11-Apr-2023 11:26:11 UTC] PHP Fatal error:  Uncaught Error: Class "Animal" not found in C:\Users\User\Local Sites\fictional-university\app\public\wp-content\themes\fictional-university-theme\front-page.php:47
Stack trace:
#0 C:\Users\User\Local Sites\fictional-university\app\public\wp-includes\template-loader.php(106): include()
#1 C:\Users\User\Local Sites\fictional-university\app\public\wp-blog-header.php(19): require_once('C:\\Users\\User\\L...')
#2 C:\Users\User\Local Sites\fictional-university\app\public\index.php(17): require('C:\\Users\\User\\L...')
#3 {main}
  thrown in C:\Users\User\Local Sites\fictional-university\app\public\wp-content\themes\fictional-university-theme\front-page.php on line 47
[11-Apr-2023 17:26:13 UTC] PHP Parse error:  syntax error, unexpected token ")" in C:\Users\User\Local Sites\fictional-university\app\public\wp-content\themes\fictional-university-theme\functions.php on line 21
[11-Apr-2023 17:26:13 UTC] PHP Warning:  Trying to access array offset on value of type bool in C:\Users\User\Local Sites\fictional-university\app\public\wp-includes\class-wp-recovery-mode-email-service.php on line 372
[11-Apr-2023 17:26:13 UTC] PHP Warning:  Trying to access array offset on value of type bool in C:\Users\User\Local Sites\fictional-university\app\public\wp-includes\class-wp-recovery-mode-email-service.php on line 373
[12-Apr-2023 19:34:56 UTC] PHP Warning:  foreach() argument must be of type array|object, bool given in C:\Users\User\Local Sites\fictional-university\app\public\wp-includes\class-wp-post-type.php on line 612
[12-Apr-2023 19:35:17 UTC] PHP Warning:  foreach() argument must be of type array|object, bool given in C:\Users\User\Local Sites\fictional-university\app\public\wp-includes\class-wp-post-type.php on line 612
[12-Apr-2023 19:35:17 UTC] PHP Warning:  foreach() argument must be of type array|object, bool given in C:\Users\User\Local Sites\fictional-university\app\public\wp-includes\class-wp-post-type.php on line 612
[12-Apr-2023 19:35:32 UTC] PHP Warning:  foreach() argument must be of type array|object, bool given in C:\Users\User\Local Sites\fictional-university\app\public\wp-includes\class-wp-post-type.php on line 612
[18-Apr-2023 18:20:52 UTC] PHP Warning:  foreach() argument must be of type array|object, null given in C:\Users\User\Local Sites\fictional-university\app\public\wp-content\themes\fictional-university-theme\single-event.php on line 35
[20-Apr-2023 17:52:25 UTC] PHP Warning:  Undefined array key "size" in C:\Users\User\Local Sites\fictional-university\app\public\wp-content\plugins\manual-image-crop\lib\ManualImageCropEditorWindow.php on line 39
[20-Apr-2023 17:54:16 UTC] PHP Warning:  Undefined array key "size" in C:\Users\User\Local Sites\fictional-university\app\public\wp-content\plugins\manual-image-crop\lib\ManualImageCropEditorWindow.php on line 39
[20-Apr-2023 18:11:39 UTC] PHP Warning:  Undefined array key "size" in C:\Users\User\Local Sites\fictional-university\app\public\wp-content\plugins\manual-image-crop\lib\ManualImageCropEditorWindow.php on line 39
[22-Apr-2023 22:58:41 UTC] PHP Fatal error:  Uncaught Error: Call to undefined function printr() in C:\Users\User\Local Sites\fictional-university\app\public\wp-content\themes\fictional-university-theme\single-professor.php:8
Stack trace:
#0 C:\Users\User\Local Sites\fictional-university\app\public\wp-includes\template-loader.php(106): include()
#1 C:\Users\User\Local Sites\fictional-university\app\public\wp-blog-header.php(19): require_once('C:\\Users\\User\\L...')
#2 C:\Users\User\Local Sites\fictional-university\app\public\index.php(17): require('C:\\Users\\User\\L...')
#3 {main}
  thrown in C:\Users\User\Local Sites\fictional-university\app\public\wp-content\themes\fictional-university-theme\single-professor.php on line 8
[22-Apr-2023 23:33:56 UTC] PHP Warning:  Undefined array key "size" in C:\Users\User\Local Sites\fictional-university\app\public\wp-content\plugins\manual-image-crop\lib\ManualImageCropEditorWindow.php on line 39
[23-Apr-2023 23:14:01 UTC] Erro de evento de reagendamento do cron para o gancho: wp_site_health_scheduled_check, código de erro: could_not_set, mensagem de erro: Não foi possível salvar a lista de evento do cron, dados: {"schedule":"weekly","args":[],"interval":604800}
[23-Apr-2023 23:48:54 UTC] PHP Warning:  Trying to access array offset on value of type null in C:\Users\User\Local Sites\fictional-university\app\public\wp-content\themes\fictional-university-theme\functions.php on line 5
[23-Apr-2023 23:48:54 UTC] PHP Warning:  Trying to access array offset on value of type null in C:\Users\User\Local Sites\fictional-university\app\public\wp-content\themes\fictional-university-theme\functions.php on line 5
[23-Apr-2023 23:49:36 UTC] PHP Warning:  Trying to access array offset on value of type null in C:\Users\User\Local Sites\fictional-university\app\public\wp-content\themes\fictional-university-theme\functions.php on line 5
[23-Apr-2023 23:49:36 UTC] PHP Warning:  Trying to access array offset on value of type null in C:\Users\User\Local Sites\fictional-university\app\public\wp-content\themes\fictional-university-theme\functions.php on line 5
[24-Apr-2023 12:15:14 UTC] PHP Warning:  Trying to access array offset on value of type null in C:\Users\User\Local Sites\fictional-university\app\public\wp-content\themes\fictional-university-theme\functions.php on line 10
[24-Apr-2023 12:15:14 UTC] PHP Warning:  Trying to access array offset on value of type null in C:\Users\User\Local Sites\fictional-university\app\public\wp-content\themes\fictional-university-theme\functions.php on line 10
[24-Apr-2023 12:15:18 UTC] PHP Warning:  Trying to access array offset on value of type null in C:\Users\User\Local Sites\fictional-university\app\public\wp-content\themes\fictional-university-theme\functions.php on line 10
[24-Apr-2023 12:15:18 UTC] PHP Warning:  Trying to access array offset on value of type null in C:\Users\User\Local Sites\fictional-university\app\public\wp-content\themes\fictional-university-theme\functions.php on line 10
[24-Apr-2023 12:15:51 UTC] PHP Warning:  Trying to access array offset on value of type null in C:\Users\User\Local Sites\fictional-university\app\public\wp-content\themes\fictional-university-theme\functions.php on line 10
[24-Apr-2023 12:15:51 UTC] PHP Warning:  Trying to access array offset on value of type null in C:\Users\User\Local Sites\fictional-university\app\public\wp-content\themes\fictional-university-theme\functions.php on line 10
[24-Apr-2023 12:15:53 UTC] PHP Warning:  Trying to access array offset on value of type null in C:\Users\User\Local Sites\fictional-university\app\public\wp-content\themes\fictional-university-theme\functions.php on line 10
[24-Apr-2023 12:15:53 UTC] PHP Warning:  Trying to access array offset on value of type null in C:\Users\User\Local Sites\fictional-university\app\public\wp-content\themes\fictional-university-theme\functions.php on line 10
[24-Apr-2023 12:15:56 UTC] PHP Warning:  Trying to access array offset on value of type null in C:\Users\User\Local Sites\fictional-university\app\public\wp-content\themes\fictional-university-theme\functions.php on line 10
[24-Apr-2023 12:15:56 UTC] PHP Warning:  Trying to access array offset on value of type null in C:\Users\User\Local Sites\fictional-university\app\public\wp-content\themes\fictional-university-theme\functions.php on line 10
